2021-06-24 12:44:44.019  INFO 15552 --- [restartedMain] c.f.h.HotelOrderSystemApplication        : Starting HotelOrderSystemApplication using Java 1.8.0_291 on KaguraKano with PID 15552 (I:\code\HotelOrderSystem-master\target\classes started by 吴江凌 in I:\code\HotelOrderSystem-master)
2021-06-24 12:44:44.022 DEBUG 15552 --- [restartedMain] c.f.h.HotelOrderSystemApplication        : Running with Spring Boot v2.5.1, Spring v5.3.8
2021-06-24 12:44:44.023  INFO 15552 --- [restartedMain] c.f.h.HotelOrderSystemApplication        : No active profile set, falling back to default profiles: default
2021-06-24 12:44:44.084  INFO 15552 --- [restartedMain] .e.DevToolsPropertyDefaultsPostProcessor : Devtools property defaults active! Set 'spring.devtools.add-properties' to 'false' to disable
2021-06-24 12:44:44.085  INFO 15552 --- [restartedMain] .e.DevToolsPropertyDefaultsPostProcessor : For additional web related logging consider setting the 'logging.level.web' property to 'DEBUG'
2021-06-24 12:44:46.825  INFO 15552 --- [restartedMain] .s.d.r.c.RepositoryConfigurationDelegate : Multiple Spring Data modules found, entering strict repository configuration mode!
2021-06-24 12:44:46.829  INFO 15552 --- [restartedMain] .s.d.r.c.RepositoryConfigurationDelegate : Bootstrapping Spring Data Redis repositories in DEFAULT mode.
2021-06-24 12:44:46.900  INFO 15552 --- [restartedMain] .s.d.r.c.RepositoryConfigurationDelegate : Finished Spring Data repository scanning in 47 ms. Found 0 Redis repository interfaces.
2021-06-24 12:44:47.330  INFO 15552 --- [restartedMain] trationDelegate$BeanPostProcessorChecker : Bean 'redisConfig' of type [com.fang.hotel_order_system.config.RedisConfig$$EnhancerBySpringCGLIB$$444a852b] is not eligible for getting processed by all BeanPostProcessors (for example: not eligible for auto-proxying)
2021-06-24 12:44:47.354  INFO 15552 --- [restartedMain] trationDelegate$BeanPostProcessorChecker : Bean 'org.springframework.security.access.expression.method.DefaultMethodSecurityExpressionHandler@69ac77e3' of type [org.springframework.security.access.expression.method.DefaultMethodSecurityExpressionHandler] is not eligible for getting processed by all BeanPostProcessors (for example: not eligible for auto-proxying)
2021-06-24 12:44:47.360  INFO 15552 --- [restartedMain] trationDelegate$BeanPostProcessorChecker : Bean 'methodSecurityMetadataSource' of type [org.springframework.security.access.method.DelegatingMethodSecurityMetadataSource] is not eligible for getting processed by all BeanPostProcessors (for example: not eligible for auto-proxying)
2021-06-24 12:44:47.991  INFO 15552 --- [restartedMain] o.s.b.w.embedded.tomcat.TomcatWebServer  : Tomcat initialized with port(s): 8000 (http)
2021-06-24 12:44:48.008  INFO 15552 --- [restartedMain] o.apache.catalina.core.StandardService   : Starting service [Tomcat]
2021-06-24 12:44:48.014  INFO 15552 --- [restartedMain] org.apache.catalina.core.StandardEngine  : Starting Servlet engine: [Apache Tomcat/9.0.46]
2021-06-24 12:44:48.147  INFO 15552 --- [restartedMain] o.a.c.c.C.[Tomcat].[localhost].[/]       : Initializing Spring embedded WebApplicationContext
2021-06-24 12:44:48.148  INFO 15552 --- [restartedMain] w.s.c.ServletWebServerApplicationContext : Root WebApplicationContext: initialization completed in 4063 ms
2021-06-24 12:44:48.249  WARN 15552 --- [restartedMain] ConfigServletWebServerApplicationContext : Exception encountered during context initialization - cancelling refresh attempt: org.springframework.beans.factory.UnsatisfiedDependencyException: Error creating bean with name 'bedController': Unsatisfied dependency expressed through field 'bedService'; nested exception is org.springframework.beans.factory.NoSuchBeanDefinitionException: No qualifying bean of type 'com.fang.hotel_order_system.service.BedService' available: expected at least 1 bean which qualifies as autowire candidate. Dependency annotations: {@org.springframework.beans.factory.annotation.Autowired(required=true)}
2021-06-24 12:44:48.251  INFO 15552 --- [restartedMain] o.apache.catalina.core.StandardService   : Stopping service [Tomcat]
2021-06-24 12:44:48.269  INFO 15552 --- [restartedMain] ConditionEvaluationReportLoggingListener : 

Error starting ApplicationContext. To display the conditions report re-run your application with 'debug' enabled.
2021-06-24 12:44:48.300 ERROR 15552 --- [restartedMain] o.s.b.d.LoggingFailureAnalysisReporter   : 

***************************
APPLICATION FAILED TO START
***************************

Description:

Field bedService in com.fang.hotel_order_system.controller.BedController required a bean of type 'com.fang.hotel_order_system.service.BedService' that could not be found.

The injection point has the following annotations:
	- @org.springframework.beans.factory.annotation.Autowired(required=true)


Action:

Consider defining a bean of type 'com.fang.hotel_order_system.service.BedService' in your configuration.

2021-06-24 18:33:46.217  INFO 14040 --- [restartedMain] c.f.h.HotelOrderSystemApplication        : Starting HotelOrderSystemApplication using Java 1.8.0_291 on KaguraKano with PID 14040 (I:\code\HotelOrderSystem-master\target\classes started by 吴江凌 in I:\code\HotelOrderSystem-master)
2021-06-24 18:33:46.228 DEBUG 14040 --- [restartedMain] c.f.h.HotelOrderSystemApplication        : Running with Spring Boot v2.5.1, Spring v5.3.8
2021-06-24 18:33:46.229  INFO 14040 --- [restartedMain] c.f.h.HotelOrderSystemApplication        : No active profile set, falling back to default profiles: default
2021-06-24 18:33:46.307  INFO 14040 --- [restartedMain] .e.DevToolsPropertyDefaultsPostProcessor : Devtools property defaults active! Set 'spring.devtools.add-properties' to 'false' to disable
2021-06-24 18:33:46.307  INFO 14040 --- [restartedMain] .e.DevToolsPropertyDefaultsPostProcessor : For additional web related logging consider setting the 'logging.level.web' property to 'DEBUG'
2021-06-24 18:33:48.570  INFO 14040 --- [restartedMain] .s.d.r.c.RepositoryConfigurationDelegate : Multiple Spring Data modules found, entering strict repository configuration mode!
2021-06-24 18:33:48.574  INFO 14040 --- [restartedMain] .s.d.r.c.RepositoryConfigurationDelegate : Bootstrapping Spring Data Redis repositories in DEFAULT mode.
2021-06-24 18:33:48.618  INFO 14040 --- [restartedMain] .s.d.r.c.RepositoryConfigurationDelegate : Finished Spring Data repository scanning in 25 ms. Found 0 Redis repository interfaces.
2021-06-24 18:33:49.092  INFO 14040 --- [restartedMain] trationDelegate$BeanPostProcessorChecker : Bean 'redisConfig' of type [com.fang.hotel_order_system.config.RedisConfig$$EnhancerBySpringCGLIB$$c71d20c8] is not eligible for getting processed by all BeanPostProcessors (for example: not eligible for auto-proxying)
2021-06-24 18:33:49.118  INFO 14040 --- [restartedMain] trationDelegate$BeanPostProcessorChecker : Bean 'org.springframework.security.access.expression.method.DefaultMethodSecurityExpressionHandler@35369a6' of type [org.springframework.security.access.expression.method.DefaultMethodSecurityExpressionHandler] is not eligible for getting processed by all BeanPostProcessors (for example: not eligible for auto-proxying)
2021-06-24 18:33:49.122  INFO 14040 --- [restartedMain] trationDelegate$BeanPostProcessorChecker : Bean 'methodSecurityMetadataSource' of type [org.springframework.security.access.method.DelegatingMethodSecurityMetadataSource] is not eligible for getting processed by all BeanPostProcessors (for example: not eligible for auto-proxying)
2021-06-24 18:33:49.806  INFO 14040 --- [restartedMain] o.s.b.w.embedded.tomcat.TomcatWebServer  : Tomcat initialized with port(s): 8000 (http)
2021-06-24 18:33:49.821  INFO 14040 --- [restartedMain] o.apache.catalina.core.StandardService   : Starting service [Tomcat]
2021-06-24 18:33:49.822  INFO 14040 --- [restartedMain] org.apache.catalina.core.StandardEngine  : Starting Servlet engine: [Apache Tomcat/9.0.46]
2021-06-24 18:33:49.991  INFO 14040 --- [restartedMain] o.a.c.c.C.[Tomcat].[localhost].[/]       : Initializing Spring embedded WebApplicationContext
2021-06-24 18:33:49.991  INFO 14040 --- [restartedMain] w.s.c.ServletWebServerApplicationContext : Root WebApplicationContext: initialization completed in 3683 ms
2021-06-24 18:33:54.018  INFO 14040 --- [restartedMain] pertySourcedRequestMappingHandlerMapping : Mapped URL path [/v2/api-docs] onto method [springfox.documentation.swagger2.web.Swagger2Controller#getDocumentation(String, HttpServletRequest)]
2021-06-24 18:33:54.230  INFO 14040 --- [restartedMain] o.s.s.web.DefaultSecurityFilterChain     : Will secure any request with [org.springframework.security.web.context.request.async.WebAsyncManagerIntegrationFilter@43a0fb92, org.springframework.security.web.context.SecurityContextPersistenceFilter@1b47451, org.springframework.security.web.header.HeaderWriterFilter@705d8ec, org.springframework.security.web.authentication.logout.LogoutFilter@26758902, com.fang.hotel_order_system.filter.JwtUsernamePasswordAuthenticationFilter@7b6c855e, com.fang.hotel_order_system.filter.JwtAuthenticationTokenFilter@c728d57, org.springframework.security.web.savedrequest.RequestCacheAwareFilter@5877b2de, org.springframework.security.web.servletapi.SecurityContextHolderAwareRequestFilter@13f8de01, org.springframework.security.web.authentication.AnonymousAuthenticationFilter@30faaf73, org.springframework.security.web.session.SessionManagementFilter@63d07995, org.springframework.security.web.access.ExceptionTranslationFilter@7b448984, org.springframework.security.web.access.intercept.FilterSecurityInterceptor@14038e62]
2021-06-24 18:33:54.420  INFO 14040 --- [restartedMain] o.s.b.d.a.OptionalLiveReloadServer       : LiveReload server is running on port 35729
2021-06-24 18:33:54.817  INFO 14040 --- [restartedMain] com.zaxxer.hikari.HikariDataSource       : HikariPool-1 - Starting...
2021-06-24 18:33:55.992 ERROR 14040 --- [restartedMain] com.zaxxer.hikari.pool.HikariPool        : HikariPool-1 - Exception during pool initialization.

java.sql.SQLException: Access denied for user 'root'@'localhost' (using password: YES)
	at com.mysql.cj.jdbc.exceptions.SQLError.createSQLException(SQLError.java:129) ~[mysql-connector-java-8.0.25.jar:8.0.25]
	at com.mysql.cj.jdbc.exceptions.SQLExceptionsMapping.translateException(SQLExceptionsMapping.java:122) ~[mysql-connector-java-8.0.25.jar:8.0.25]
	at com.mysql.cj.jdbc.ConnectionImpl.createNewIO(ConnectionImpl.java:833) ~[mysql-connector-java-8.0.25.jar:8.0.25]
	at com.mysql.cj.jdbc.ConnectionImpl.<init>(ConnectionImpl.java:453) ~[mysql-connector-java-8.0.25.jar:8.0.25]
	at com.mysql.cj.jdbc.ConnectionImpl.getInstance(ConnectionImpl.java:246) ~[mysql-connector-java-8.0.25.jar:8.0.25]
	at com.mysql.cj.jdbc.NonRegisteringDriver.connect(NonRegisteringDriver.java:198) ~[mysql-connector-java-8.0.25.jar:8.0.25]
	at com.zaxxer.hikari.util.DriverDataSource.getConnection(DriverDataSource.java:138) ~[HikariCP-4.0.3.jar:na]
	at com.zaxxer.hikari.pool.PoolBase.newConnection(PoolBase.java:364) ~[HikariCP-4.0.3.jar:na]
	at com.zaxxer.hikari.pool.PoolBase.newPoolEntry(PoolBase.java:206) ~[HikariCP-4.0.3.jar:na]
	at com.zaxxer.hikari.pool.HikariPool.createPoolEntry(HikariPool.java:476) [HikariCP-4.0.3.jar:na]
	at com.zaxxer.hikari.pool.HikariPool.checkFailFast(HikariPool.java:561) [HikariCP-4.0.3.jar:na]
	at com.zaxxer.hikari.pool.HikariPool.<init>(HikariPool.java:115) [HikariCP-4.0.3.jar:na]
	at com.zaxxer.hikari.HikariDataSource.getConnection(HikariDataSource.java:112) [HikariCP-4.0.3.jar:na]
	at org.springframework.jdbc.datasource.DataSourceUtils.fetchConnection(DataSourceUtils.java:158) [spring-jdbc-5.3.8.jar:5.3.8]
	at org.springframework.jdbc.datasource.DataSourceUtils.doGetConnection(DataSourceUtils.java:116) [spring-jdbc-5.3.8.jar:5.3.8]
	at org.springframework.jdbc.datasource.DataSourceUtils.getConnection(DataSourceUtils.java:79) [spring-jdbc-5.3.8.jar:5.3.8]
	at org.springframework.jdbc.core.JdbcTemplate.execute(JdbcTemplate.java:330) [spring-jdbc-5.3.8.jar:5.3.8]
	at org.springframework.boot.jdbc.EmbeddedDatabaseConnection.isEmbedded(EmbeddedDatabaseConnection.java:184) [spring-boot-2.5.1.jar:2.5.1]
	at org.springframework.boot.jdbc.init.DataSourceScriptDatabaseInitializer.isEmbeddedDatabase(DataSourceScriptDatabaseInitializer.java:64) [spring-boot-2.5.1.jar:2.5.1]
	at org.springframework.boot.sql.init.AbstractScriptDatabaseInitializer.isEnabled(AbstractScriptDatabaseInitializer.java:87) [spring-boot-2.5.1.jar:2.5.1]
	at org.springframework.boot.sql.init.AbstractScriptDatabaseInitializer.initializeDatabase(AbstractScriptDatabaseInitializer.java:74) [spring-boot-2.5.1.jar:2.5.1]
	at org.springframework.boot.sql.init.AbstractScriptDatabaseInitializer.afterPropertiesSet(AbstractScriptDatabaseInitializer.java:65) [spring-boot-2.5.1.jar:2.5.1]
	at org.springframework.beans.factory.support.AbstractAutowireCapableBeanFactory.invokeInitMethods(AbstractAutowireCapableBeanFactory.java:1845) [spring-beans-5.3.8.jar:5.3.8]
	at org.springframework.beans.factory.support.AbstractAutowireCapableBeanFactory.initializeBean(AbstractAutowireCapableBeanFactory.java:1782) [spring-beans-5.3.8.jar:5.3.8]
	at org.springframework.beans.factory.support.AbstractAutowireCapableBeanFactory.doCreateBean(AbstractAutowireCapableBeanFactory.java:602) [spring-beans-5.3.8.jar:5.3.8]
	at org.springframework.beans.factory.support.AbstractAutowireCapableBeanFactory.createBean(AbstractAutowireCapableBeanFactory.java:524) [spring-beans-5.3.8.jar:5.3.8]
	at org.springframework.beans.factory.support.AbstractBeanFactory.lambda$doGetBean$0(AbstractBeanFactory.java:335) [spring-beans-5.3.8.jar:5.3.8]
	at org.springframework.beans.factory.support.DefaultSingletonBeanRegistry.getSingleton(DefaultSingletonBeanRegistry.java:234) ~[spring-beans-5.3.8.jar:5.3.8]
	at org.springframework.beans.factory.support.AbstractBeanFactory.doGetBean(AbstractBeanFactory.java:333) [spring-beans-5.3.8.jar:5.3.8]
	at org.springframework.beans.factory.support.AbstractBeanFactory.getBean(AbstractBeanFactory.java:208) [spring-beans-5.3.8.jar:5.3.8]
	at org.springframework.beans.factory.support.AbstractBeanFactory.doGetBean(AbstractBeanFactory.java:322) [spring-beans-5.3.8.jar:5.3.8]
	at org.springframework.beans.factory.support.AbstractBeanFactory.getBean(AbstractBeanFactory.java:208) [spring-beans-5.3.8.jar:5.3.8]
	at org.springframework.beans.factory.support.DefaultListableBeanFactory.preInstantiateSingletons(DefaultListableBeanFactory.java:944) ~[spring-beans-5.3.8.jar:5.3.8]
	at org.springframework.context.support.AbstractApplicationContext.finishBeanFactoryInitialization(AbstractApplicationContext.java:918) ~[spring-context-5.3.8.jar:5.3.8]
	at org.springframework.context.support.AbstractApplicationContext.refresh(AbstractApplicationContext.java:583) ~[spring-context-5.3.8.jar:5.3.8]
	at org.springframework.boot.web.servlet.context.ServletWebServerApplicationContext.refresh(ServletWebServerApplicationContext.java:145) ~[spring-boot-2.5.1.jar:2.5.1]
	at org.springframework.boot.SpringApplication.refresh(SpringApplication.java:754) ~[spring-boot-2.5.1.jar:2.5.1]
	at org.springframework.boot.SpringApplication.refreshContext(SpringApplication.java:434) ~[spring-boot-2.5.1.jar:2.5.1]
	at org.springframework.boot.SpringApplication.run(SpringApplication.java:338) ~[spring-boot-2.5.1.jar:2.5.1]
	at org.springframework.boot.SpringApplication.run(SpringApplication.java:1343) ~[spring-boot-2.5.1.jar:2.5.1]
	at org.springframework.boot.SpringApplication.run(SpringApplication.java:1332) ~[spring-boot-2.5.1.jar:2.5.1]
	at com.fang.hotel_order_system.HotelOrderSystemApplication.main(HotelOrderSystemApplication.java:13) ~[classes/:na]
	at sun.reflect.NativeMethodAccessorImpl.invoke0(Native Method) ~[na:1.8.0_291]
	at sun.reflect.NativeMethodAccessorImpl.invoke(NativeMethodAccessorImpl.java:62) ~[na:1.8.0_291]
	at sun.reflect.DelegatingMethodAccessorImpl.invoke(DelegatingMethodAccessorImpl.java:43) ~[na:1.8.0_291]
	at java.lang.reflect.Method.invoke(Method.java:498) ~[na:1.8.0_291]
	at org.springframework.boot.devtools.restart.RestartLauncher.run(RestartLauncher.java:49) ~[spring-boot-devtools-2.5.1.jar:2.5.1]

2021-06-24 18:33:56.162  INFO 14040 --- [restartedMain] o.s.b.w.embedded.tomcat.TomcatWebServer  : Tomcat started on port(s): 8000 (http) with context path ''
2021-06-24 18:33:56.165  INFO 14040 --- [restartedMain] d.s.w.p.DocumentationPluginsBootstrapper : Context refreshed
2021-06-24 18:33:56.195  INFO 14040 --- [restartedMain] d.s.w.p.DocumentationPluginsBootstrapper : Found 1 custom documentation plugin(s)
2021-06-24 18:33:56.359  INFO 14040 --- [restartedMain] s.d.s.w.s.ApiListingReferenceScanner     : Scanning for api listing references
2021-06-24 18:33:56.578  INFO 14040 --- [restartedMain] .d.s.w.r.o.CachingOperationNameGenerator : Generating unique operation named: createUsingPOST_1
2021-06-24 18:33:56.580  INFO 14040 --- [restartedMain] .d.s.w.r.o.CachingOperationNameGenerator : Generating unique operation named: deleteByIdUsingDELETE_1
2021-06-24 18:33:56.581  INFO 14040 --- [restartedMain] .d.s.w.r.o.CachingOperationNameGenerator : Generating unique operation named: getByIdUsingGET_1
2021-06-24 18:33:56.583  INFO 14040 --- [restartedMain] .d.s.w.r.o.CachingOperationNameGenerator : Generating unique operation named: getListUsingGET_1
2021-06-24 18:33:56.585  INFO 14040 --- [restartedMain] .d.s.w.r.o.CachingOperationNameGenerator : Generating unique operation named: getListPageUsingGET_1
2021-06-24 18:33:56.597  INFO 14040 --- [restartedMain] .d.s.w.r.o.CachingOperationNameGenerator : Generating unique operation named: createUsingPOST_2
2021-06-24 18:33:56.599  INFO 14040 --- [restartedMain] .d.s.w.r.o.CachingOperationNameGenerator : Generating unique operation named: deleteByIdUsingDELETE_2
2021-06-24 18:33:56.601  INFO 14040 --- [restartedMain] .d.s.w.r.o.CachingOperationNameGenerator : Generating unique operation named: getByIdUsingGET_2
2021-06-24 18:33:56.603  INFO 14040 --- [restartedMain] .d.s.w.r.o.CachingOperationNameGenerator : Generating unique operation named: getListUsingGET_2
2021-06-24 18:33:56.605  INFO 14040 --- [restartedMain] .d.s.w.r.o.CachingOperationNameGenerator : Generating unique operation named: getListPageUsingGET_2
2021-06-24 18:33:56.611  INFO 14040 --- [restartedMain] .d.s.w.r.o.CachingOperationNameGenerator : Generating unique operation named: createUsingPOST_3
2021-06-24 18:33:56.613  INFO 14040 --- [restartedMain] .d.s.w.r.o.CachingOperationNameGenerator : Generating unique operation named: deleteByIdUsingDELETE_3
2021-06-24 18:33:56.615  INFO 14040 --- [restartedMain] .d.s.w.r.o.CachingOperationNameGenerator : Generating unique operation named: getByIdUsingGET_3
2021-06-24 18:33:56.617  INFO 14040 --- [restartedMain] .d.s.w.r.o.CachingOperationNameGenerator : Generating unique operation named: getListUsingGET_3
2021-06-24 18:33:56.620  INFO 14040 --- [restartedMain] .d.s.w.r.o.CachingOperationNameGenerator : Generating unique operation named: getListPageUsingGET_3
2021-06-24 18:33:56.629  INFO 14040 --- [restartedMain] .d.s.w.r.o.CachingOperationNameGenerator : Generating unique operation named: createUsingPOST_4
2021-06-24 18:33:56.630  INFO 14040 --- [restartedMain] .d.s.w.r.o.CachingOperationNameGenerator : Generating unique operation named: deleteByIdUsingDELETE_4
2021-06-24 18:33:56.632  INFO 14040 --- [restartedMain] .d.s.w.r.o.CachingOperationNameGenerator : Generating unique operation named: getByIdUsingGET_4
2021-06-24 18:33:56.633  INFO 14040 --- [restartedMain] .d.s.w.r.o.CachingOperationNameGenerator : Generating unique operation named: getListUsingGET_4
2021-06-24 18:33:56.636  INFO 14040 --- [restartedMain] .d.s.w.r.o.CachingOperationNameGenerator : Generating unique operation named: getListPageUsingGET_4
2021-06-24 18:33:56.644  INFO 14040 --- [restartedMain] .d.s.w.r.o.CachingOperationNameGenerator : Generating unique operation named: createUsingPOST_5
2021-06-24 18:33:56.645  INFO 14040 --- [restartedMain] .d.s.w.r.o.CachingOperationNameGenerator : Generating unique operation named: deleteByIdUsingDELETE_5
2021-06-24 18:33:56.647  INFO 14040 --- [restartedMain] .d.s.w.r.o.CachingOperationNameGenerator : Generating unique operation named: getByIdUsingGET_5
2021-06-24 18:33:56.648  INFO 14040 --- [restartedMain] .d.s.w.r.o.CachingOperationNameGenerator : Generating unique operation named: getListUsingGET_5
2021-06-24 18:33:56.649  INFO 14040 --- [restartedMain] .d.s.w.r.o.CachingOperationNameGenerator : Generating unique operation named: getListPageUsingGET_5
2021-06-24 18:33:56.662  INFO 14040 --- [restartedMain] .d.s.w.r.o.CachingOperationNameGenerator : Generating unique operation named: createUsingPOST_6
2021-06-24 18:33:56.664  INFO 14040 --- [restartedMain] .d.s.w.r.o.CachingOperationNameGenerator : Generating unique operation named: deleteByIdUsingDELETE_6
2021-06-24 18:33:56.666  INFO 14040 --- [restartedMain] .d.s.w.r.o.CachingOperationNameGenerator : Generating unique operation named: getByIdUsingGET_6
2021-06-24 18:33:56.667  INFO 14040 --- [restartedMain] .d.s.w.r.o.CachingOperationNameGenerator : Generating unique operation named: getListUsingGET_6
2021-06-24 18:33:56.668  INFO 14040 --- [restartedMain] .d.s.w.r.o.CachingOperationNameGenerator : Generating unique operation named: getListByUserIdUsingGET_1
2021-06-24 18:33:56.670  INFO 14040 --- [restartedMain] .d.s.w.r.o.CachingOperationNameGenerator : Generating unique operation named: getListPageUsingGET_6
2021-06-24 18:33:56.673  INFO 14040 --- [restartedMain] .d.s.w.r.o.CachingOperationNameGenerator : Generating unique operation named: getListPageByUserIdUsingGET_1
2021-06-24 18:33:56.686  INFO 14040 --- [restartedMain] .d.s.w.r.o.CachingOperationNameGenerator : Generating unique operation named: createUsingPOST_7
2021-06-24 18:33:56.688  INFO 14040 --- [restartedMain] .d.s.w.r.o.CachingOperationNameGenerator : Generating unique operation named: deleteByIdUsingDELETE_7
2021-06-24 18:33:56.689  INFO 14040 --- [restartedMain] .d.s.w.r.o.CachingOperationNameGenerator : Generating unique operation named: getByIdUsingGET_7
2021-06-24 18:33:56.689  INFO 14040 --- [restartedMain] .d.s.w.r.o.CachingOperationNameGenerator : Generating unique operation named: getListUsingGET_7
2021-06-24 18:33:56.692  INFO 14040 --- [restartedMain] .d.s.w.r.o.CachingOperationNameGenerator : Generating unique operation named: getListPageUsingGET_7
2021-06-24 18:33:56.698  INFO 14040 --- [restartedMain] .d.s.w.r.o.CachingOperationNameGenerator : Generating unique operation named: createUsingPOST_8
2021-06-24 18:33:56.699  INFO 14040 --- [restartedMain] .d.s.w.r.o.CachingOperationNameGenerator : Generating unique operation named: deleteByIdUsingDELETE_8
2021-06-24 18:33:56.701  INFO 14040 --- [restartedMain] .d.s.w.r.o.CachingOperationNameGenerator : Generating unique operation named: getByIdUsingGET_8
2021-06-24 18:33:56.702  INFO 14040 --- [restartedMain] .d.s.w.r.o.CachingOperationNameGenerator : Generating unique operation named: getListUsingGET_8
2021-06-24 18:33:56.703  INFO 14040 --- [restartedMain] .d.s.w.r.o.CachingOperationNameGenerator : Generating unique operation named: getListPageUsingGET_8
2021-06-24 18:33:56.710  INFO 14040 --- [restartedMain] .d.s.w.r.o.CachingOperationNameGenerator : Generating unique operation named: createUsingPOST_9
2021-06-24 18:33:56.711  INFO 14040 --- [restartedMain] .d.s.w.r.o.CachingOperationNameGenerator : Generating unique operation named: deleteByIdUsingDELETE_9
2021-06-24 18:33:56.712  INFO 14040 --- [restartedMain] .d.s.w.r.o.CachingOperationNameGenerator : Generating unique operation named: getListUsingGET_9
2021-06-24 18:33:56.714  INFO 14040 --- [restartedMain] .d.s.w.r.o.CachingOperationNameGenerator : Generating unique operation named: getListByUserIdUsingGET_2
2021-06-24 18:33:56.716  INFO 14040 --- [restartedMain] .d.s.w.r.o.CachingOperationNameGenerator : Generating unique operation named: getListPageUsingGET_9
2021-06-24 18:33:56.718  WARN 14040 --- [restartedMain] s.d.s.w.r.p.ParameterDataTypeReader      : Trying to infer dataType java.lang.Long[]
2021-06-24 18:33:56.719  INFO 14040 --- [restartedMain] .d.s.w.r.o.CachingOperationNameGenerator : Generating unique operation named: updateByRoleIdUsingPUT_1
2021-06-24 18:33:56.724  INFO 14040 --- [restartedMain] .d.s.w.r.o.CachingOperationNameGenerator : Generating unique operation named: createUsingPOST_10
2021-06-24 18:33:56.725  INFO 14040 --- [restartedMain] .d.s.w.r.o.CachingOperationNameGenerator : Generating unique operation named: deleteByIdUsingDELETE_10
2021-06-24 18:33:56.726  INFO 14040 --- [restartedMain] .d.s.w.r.o.CachingOperationNameGenerator : Generating unique operation named: getByIdUsingGET_9
2021-06-24 18:33:56.728  INFO 14040 --- [restartedMain] .d.s.w.r.o.CachingOperationNameGenerator : Generating unique operation named: getListUsingGET_10
2021-06-24 18:33:56.729  INFO 14040 --- [restartedMain] .d.s.w.r.o.CachingOperationNameGenerator : Generating unique operation named: getListPageUsingGET_10
2021-06-24 18:33:56.740  INFO 14040 --- [restartedMain] .d.s.w.r.o.CachingOperationNameGenerator : Generating unique operation named: createUsingPOST_11
2021-06-24 18:33:56.743  INFO 14040 --- [restartedMain] .d.s.w.r.o.CachingOperationNameGenerator : Generating unique operation named: deleteByIdUsingDELETE_11
2021-06-24 18:33:56.744  INFO 14040 --- [restartedMain] .d.s.w.r.o.CachingOperationNameGenerator : Generating unique operation named: getByIdUsingGET_10
2021-06-24 18:33:56.746  INFO 14040 --- [restartedMain] .d.s.w.r.o.CachingOperationNameGenerator : Generating unique operation named: getListUsingGET_11
2021-06-24 18:33:56.747  INFO 14040 --- [restartedMain] .d.s.w.r.o.CachingOperationNameGenerator : Generating unique operation named: getListPageUsingGET_11
2021-06-24 18:33:56.755  INFO 14040 --- [restartedMain] .d.s.w.r.o.CachingOperationNameGenerator : Generating unique operation named: createUsingPOST_12
2021-06-24 18:33:56.756  INFO 14040 --- [restartedMain] .d.s.w.r.o.CachingOperationNameGenerator : Generating unique operation named: deleteByIdUsingDELETE_12
2021-06-24 18:33:56.757  INFO 14040 --- [restartedMain] .d.s.w.r.o.CachingOperationNameGenerator : Generating unique operation named: getByIdUsingGET_11
2021-06-24 18:33:56.758  INFO 14040 --- [restartedMain] .d.s.w.r.o.CachingOperationNameGenerator : Generating unique operation named: getListUsingGET_12
2021-06-24 18:33:56.760  INFO 14040 --- [restartedMain] .d.s.w.r.o.CachingOperationNameGenerator : Generating unique operation named: getListPageUsingGET_12
2021-06-24 18:33:56.767  INFO 14040 --- [restartedMain] .d.s.w.r.o.CachingOperationNameGenerator : Generating unique operation named: createUsingPOST_13
2021-06-24 18:33:56.767  INFO 14040 --- [restartedMain] .d.s.w.r.o.CachingOperationNameGenerator : Generating unique operation named: deleteByIdUsingDELETE_13
2021-06-24 18:33:56.768  INFO 14040 --- [restartedMain] .d.s.w.r.o.CachingOperationNameGenerator : Generating unique operation named: getByIdUsingGET_12
2021-06-24 18:33:56.770  INFO 14040 --- [restartedMain] .d.s.w.r.o.CachingOperationNameGenerator : Generating unique operation named: getListUsingGET_13
2021-06-24 18:33:56.772  INFO 14040 --- [restartedMain] .d.s.w.r.o.CachingOperationNameGenerator : Generating unique operation named: getListPageUsingGET_13
2021-06-24 18:33:56.781  INFO 14040 --- [restartedMain] .d.s.w.r.o.CachingOperationNameGenerator : Generating unique operation named: createUsingPOST_14
2021-06-24 18:33:56.783  INFO 14040 --- [restartedMain] .d.s.w.r.o.CachingOperationNameGenerator : Generating unique operation named: deleteByIdUsingDELETE_14
2021-06-24 18:33:56.788  INFO 14040 --- [restartedMain] .d.s.w.r.o.CachingOperationNameGenerator : Generating unique operation named: getByIdUsingGET_13
2021-06-24 18:33:56.791  INFO 14040 --- [restartedMain] .d.s.w.r.o.CachingOperationNameGenerator : Generating unique operation named: getListUsingGET_14
2021-06-24 18:33:56.796  INFO 14040 --- [restartedMain] .d.s.w.r.o.CachingOperationNameGenerator : Generating unique operation named: getListPageUsingGET_14
2021-06-24 18:33:56.797  WARN 14040 --- [restartedMain] s.d.s.w.r.p.ParameterDataTypeReader      : Trying to infer dataType java.lang.Long[]
2021-06-24 18:33:56.799  INFO 14040 --- [restartedMain] .d.s.w.r.o.CachingOperationNameGenerator : Generating unique operation named: updateByUserIdUsingPUT_1
2021-06-24 18:33:56.854  INFO 14040 --- [restartedMain] c.f.h.HotelOrderSystemApplication        : Started HotelOrderSystemApplication in 13.342 seconds (JVM running for 17.73)
